<?xml version="1.0" encoding="UTF-8"?>
<!-- Generated by org.testng.reporters.JUnitReportReporter -->
<testsuite hostname="LAPTOP-EOPMK1NG" failures="0" tests="1" name="OrangeHRM.Employ_performanance" time="11.705" errors="0" timestamp="2023-02-21T11:10:32 IST" skipped="0">
  <testcase classname="OrangeHRM.Employ_performanance" name="EmployPerformanance" time="11.705"/>
  <system-out/>
</testsuite> <!-- OrangeHRM.Employ_performanance -->
