<?xml version="1.0" encoding="UTF-8"?>
<!-- Generated by org.testng.reporters.JUnitReportReporter -->
<testsuite hostname="LAPTOP-EOPMK1NG" failures="0" tests="1" name="OrangeHRM.EmployRecords" time="17.355" errors="0" timestamp="2023-02-21T11:10:32 IST" skipped="0">
  <testcase classname="OrangeHRM.EmployRecords" name="Employ_Records" time="17.355"/>
  <system-out/>
</testsuite> <!-- OrangeHRM.EmployRecords -->
