<?xml version="1.0" encoding="UTF-8"?>
<!-- Generated by org.testng.reporters.JUnitReportReporter -->
<testsuite hostname="LAPTOP-EOPMK1NG" failures="0" tests="1" name="OrangeHRM.SupportPage" time="11.878" errors="0" timestamp="2023-02-21T11:10:32 IST" skipped="0">
  <testcase classname="OrangeHRM.SupportPage" name="Support_Page" time="11.878"/>
  <system-out/>
</testsuite> <!-- OrangeHRM.SupportPage -->
